<?xml version="1.0" encoding="UTF-8"?>
<testsuite name="hermit-e2e" tests="1" failures="0" errors="1" skipped="0">
  <testcase classname="backend-parity-c" name="backend-parity-c/cpuid-probe/verify/dbt" time="0.908"><error>backend unavailable on this runner, so nothing was measured: backend `dbt` is unavailable: the Detcore DBT runtime is unavailable: Hermit DBT runtime was not built beside /home/newton/work/dev-hermit/worktrees/slots/hermit-ecx-complete/target/debug/hermit or in its deps directory; build the hermit binary and cdylib in the same target directory</error></testcase>
</testsuite>
