<?xml version="1.0" encoding="UTF-8"?>
<testsuite name="hermit-e2e" tests="1" failures="0" errors="1" skipped="0">
  <testcase classname="backend-parity-c" name="backend-parity-c/cpuid-probe/verify/liteinst" time="0.905"><error>backend unavailable on this runner, so nothing was measured: backend `liteinst` is unavailable: the LiteInst preload runtime is unavailable: libreverie_liteinst.so was not built beside /home/newton/work/dev-hermit/worktrees/slots/hermit-ecx-complete/target/debug/hermit or staged as an installed resource; build the locked liteinst-runtime-build manifest and stage its constructor-enabled DSO beside hermit</error></testcase>
</testsuite>
